Arguments: 
  /home/genesys/.nvm/versions/node/v16.11.1/bin/node /home/genesys/.yarn/bin/yarn.js install

PATH: 
  /home/genesys/.yarn/bin:/home/genesys/.config/yarn/global/node_modules/.bin:/home/genesys/.nvm/versions/node/v16.11.1/bin:/usr/local/sbin:/usr/local/bin:/usr/sbin:/usr/bin:/sbin:/bin:/usr/games:/usr/local/games:/mnt/c/Program Files (x86)/Common Files/Intel/Shared Libraries/redist/intel64/compiler:/mnt/c/Python39/Scripts/:/mnt/c/Python39/:/mnt/c/Windows/system32:/mnt/c/Windows:/mnt/c/Windows/System32/Wbem:/mnt/c/Windows/System32/WindowsPowerShell/v1.0/:/mnt/c/Windows/System32/OpenSSH/:/mnt/c/Program Files/Microsoft VS Code/bin:/mnt/c/Program Files/nodejs/:/mnt/c/ProgramData/chocolatey/bin:/mnt/c/Program Files/Git/cmd:/mnt/c/Program Files (x86)/NVIDIA Corporation/PhysX/Common:/mnt/c/Program Files/NVIDIA Corporation/NVIDIA NvDLISR:/mnt/c/Users/2Br/AppData/Local/Microsoft/WindowsApps:/mnt/c/Users/2Br/AppData/Roaming/npm:/snap/bin

Yarn version: 
  1.22.18

Node version: 
  16.11.1

Platform: 
  linux x64

Trace: 
  Error: getaddrinfo EAI_AGAIN registry.yarnpkg.com
      at GetAddrInfoReqWrap.onlookup [as oncomplete] (node:dns:71:26)

npm manifest: 
  {
    "name": "layout",
    "version": "1.0.0",
    "description": "Aqua-rus website layout",
    "main": "index.html",
    "dependencies": {
      "browser-sync": "^2.27.4",
      "gulp": "^4.0.2",
      "gulp-sass": "^4.1.0"
    },
    "devDependencies": {
      "gulp-file-include": "^2.3.0",
      "gulp-imagemin": "^7.1.0"
    },
    "scripts": {
      "test": "echo \"Error: no test specified\" && exit 1",
      "start": "gulp watch"
    },
    "repository": {
      "type": "git",
      "url": "git+https://github.com/2br-dev/AquaRus_layout.git"
    },
    "author": "",
    "license": "ISC",
    "bugs": {
      "url": "https://github.com/2br-dev/AquaRus_layout/issues"
    },
    "homepage": "https://github.com/2br-dev/AquaRus_layout#readme"
  }

yarn manifest: 
  No manifest

Lockfile: 
  No lockfile
